<?xml version="1.0" encoding="UTF-8"?>
<!-- Generated by org.testng.reporters.JUnitReportReporter -->
<testsuite hostname="DESKTOP-FPTEBSF" failures="0" tests="1" name="org.api.test.weatherAPITest" time="4.314" errors="0" timestamp="2020-08-06T15:44:49 IST" skipped="0">
  <testcase classname="org.api.test.weatherAPITest" name="getWeatherAPISuccess" time="4.314"/>
  <system-out/>
</testsuite> <!-- org.api.test.weatherAPITest -->
