<?xml version="1.0" encoding="UTF-8"?>
<!-- Generated by org.testng.reporters.JUnitReportReporter -->
<testsuite hostname="DESKTOP-FPTEBSF" failures="0" tests="1" name="org.checkweather.test.ui.weatherUIStatus" time="29.928" errors="0" timestamp="2020-08-07T14:29:43 IST" skipped="0">
  <testcase classname="org.checkweather.test.ui.weatherUIStatus" name="checkStatus" time="29.928"/>
  <system-out/>
</testsuite> <!-- org.checkweather.test.ui.weatherUIStatus -->
